*** Using Compiler 'V5.06 update 1 (build 61)', folder: 'C:\Keil_v5\ARM\ARMCC\Bin'
Build target 'FlyAssistant-f407'
assembling startup_stm32f407xx.s...
compiling Kalman.c...
..\Src\Kalman.c(28): warning:  #1-D: last line of file ends without a newline
  }
..\Src\Kalman.c: 1 warning, 0 errors
compiling Matrix.c...
..\Src\Matrix.c(225): warning:  #1035-D: single-precision operand implicitly converted to double-precision
          *location_esm += (data - *location_esm) * 0.1;
..\Src\Matrix.c: 1 warning, 0 errors
compiling imu.c...
..\Src\imu.c(34): warning:  #177-D: variable "mag_norm" was declared but never referenced
  	static float mag_norm ,mag_norm_xyz ,mag_tmp_x,mag_tmp_y,yaw_mag;
..\Src\imu.c(34): warning:  #177-D: variable "mag_norm_xyz" was declared but never referenced
  	static float mag_norm ,mag_norm_xyz ,mag_tmp_x,mag_tmp_y,yaw_mag;
..\Src\imu.c(34): warning:  #177-D: variable "mag_tmp_x" was declared but never referenced
  	static float mag_norm ,mag_norm_xyz ,mag_tmp_x,mag_tmp_y,yaw_mag;
..\Src\imu.c(34): warning:  #177-D: variable "mag_tmp_y" was declared but never referenced
  	static float mag_norm ,mag_norm_xyz ,mag_tmp_x,mag_tmp_y,yaw_mag;
..\Src\imu.c(35): warning:  #177-D: variable "yaw_tmp" was declared but never referenced
  	float yaw_correct,yaw_tmp;
..\Src\imu.c(36): warning:  #177-D: variable "mag_norm_tmp" was declared but never referenced
  	float mag_norm_tmp;
..\Src\imu.c: 6 warnings, 0 errors
compiling i2c_application.c...
..\Src\i2c_application.c(64): warning:  #68-D: integer conversion resulted in a change of sign
  			return -1;
..\Src\i2c_application.c: 1 warning, 0 errors
compiling mpu6050.c...
compiling mymath.c...
compiling MAV_Altitude_Decode.c...
compiling key.c...
compiling uart_api.c...
..\Src\uart_api.c(14): warning:  #1035-D: single-precision operand implicitly converted to double-precision
      dx =  (short)(speed[0] * 100 * 0.715);
..\Src\uart_api.c(15): warning:  #1035-D: single-precision operand implicitly converted to double-precision
      dy = -(short)(speed[1] * 100 * 0.715);
..\Src\uart_api.c: 2 warnings, 0 errors
compiling beep.c...
compiling flyControl.c...
..\Src\flyControl.c(144): warning:  #1035-D: single-precision operand implicitly converted to double-precision
  		if(flag) out *= 0.5;
..\Src\flyControl.c(330): warning:  #1035-D: single-precision operand implicitly converted to double-precision
  			Set_PWM_Thr((int)(4500 + 780 * exp((-current_height / target_height) * 0.95)));
..\Src\flyControl.c(485): warning:  #177-D: variable "h" was declared but never referenced
  	int h = 50;
..\Src\flyControl.c: 3 warnings, 0 errors
compiling encodedDecoder.c...
..\Src\encodedDecoder.c(91): warning:  #940-D: missing return statement at end of non-void function "encodeDecode_Analysis"
  }
..\Src\encodedDecoder.c(128): warning:  #1035-D: single-precision operand implicitly converted to double-precision
  						outBuf[uwb_id - 1] /= 100.00;
..\Src\encodedDecoder.c: 2 warnings, 0 errors
compiling led.c...
compiling usart.c...
compiling stm32f4xx_hal_i2c.c...
compiling stm32f4xx_it.c...
compiling vl53l1_platform.c...
compiling stm32f4xx_hal_i2c_ex.c...
compiling stm32f4xx_hal_msp.c...
compiling patrol.c...
..\Src\patrol.c(142): warning:  #550-D: variable "old_index" was set but never used
      static int index = 0, old_index = 0;
..\Src\patrol.c(196): warning:  #550-D: variable "old_index" was set but never used
      static int index = 0, old_index = 0;
..\Src\patrol.c(340): warning:  #111-D: statement is unreachable
          return 1; break;
..\Src\patrol.c(342): warning:  #111-D: statement is unreachable
          return 3; break;
..\Src\patrol.c(343): warning:  #111-D: statement is unreachable
      default: return 2; break;
..\Src\patrol.c(320): warning:  #177-D: variable "circle_flag" was declared but never referenced
      bool circle_flag[4] = {0};
..\Src\patrol.c(353): warning:  #940-D: missing return statement at end of non-void function "Get_circle_2"
  }
..\Src\patrol.c(375): warning:  #223-D: function "abs" declared implicitly
      if(abs(height - 1500) > 100 && *is_takeoff==1)
..\Src\patrol.c(399): warning:  #550-D: variable "start_location" was set but never used
      static int start_location[2] = {0};
..\Src\patrol.c(488): warning:  #223-D: function "calculate_noPID_pwm" declared implicitly
              pwm_y = calculate_noPID_pwm(cur_y, target_y, 0);
..\Src\patrol.c(492): warning:  #223-D: function "calculate_noPID_pwm" declared implicitly
              pwm_x = calculate_noPID_pwm(cur_x, target_x, 1);
..\Src\patrol.c(502): warning:  #223-D: function "abs" declared implicitly
      if(abs(cur_point - tar_point) < 100)
..\Src\patrol.c(555): warning:  #1-D: last line of file ends without a newline
  }
..\Src\patrol.c(524): warning:  #550-D: variable "old_index" was set but never used
      static int index = 0, old_index = 0;
..\Src\patrol.c: 15 warnings, 0 errors
compiling i2c.c...
compiling gpio.c...
compiling tim.c...
compiling stm32f4xx_hal_flash_ramfunc.c...
compiling stm32f4xx_hal_flash.c...
compiling stm32f4xx_hal_rcc.c...
compiling stm32f4xx_hal_rcc_ex.c...
compiling stm32f4xx_hal_gpio.c...
compiling stm32f4xx_hal_dma.c...
compiling stm32f4xx_hal_flash_ex.c...
compiling main.c...
../Core/Src/main.c(439): warning:  #223-D: function "Set_PWM_Ctrl" declared implicitly
  		Set_PWM_Ctrl(CHANNEL_3_PULSE_WIDE);		//‰æ?‰∫?Âú?Âú?Èù?Á´?Ëß?ÂØ?Áõ?Ôø??Ôø?Êà?Ê°?Êé?Ê®?Âº?
../Core/Src/main.c(482): error:  #20: identifier "cmd" is undefined
  				cmd = encodeDecode_Analysis(FreeBuffer_Encode, encodeAnswer, rxlen_usart_1); //Âà?Êû?Áº?ÂÜ?Âå?Êï?Ôø??
../Core/Src/main.c(497): error:  #20: identifier "cmd" is undefined
  					cmd = encodeDecode_Analysis(FreeBuffer_Encode,encodeAnswer,rxlen_usart_2);
../Core/Src/main.c(655): error:  #20: identifier "RunTime" is undefined
  		RunTime = HAL_GetTick() - tickstart;
../Core/Src/main.c(731): warning:  #870-D: invalid multibyte character sequence
  	printf("  PA6       ------>   PWM1      ‰∏?ÈÅ?Êé?Âô?Êé?Êî?Êú?Ê≤?Èó?Áõ?Ôø???????? \r\n");
../Core/Src/main.c(1614): error:  #20: identifier "len" is undefined
  	len = mavlink_msg_to_send_buffer(buf, &msg);
../Core/Src/main.c(1639): error:  #20: identifier "len" is undefined
  	len = mavlink_msg_to_send_buffer(buf, &msg);
../Core/Src/main.c(1667): error:  #20: identifier "len" is undefined
  	len = mavlink_msg_to_send_buffer(buf_head, &heart_msg);
../Core/Src/main.c(117): warning:  #177-D: variable "s_dat" was declared but never referenced
  static 	int16_t s_dat[CH_NUM];
../Core/Src/main.c: 3 warnings, 6 errors
compiling stm32f4xx_hal_dma_ex.c...
compiling stm32f4xx_hal_pwr.c...
compiling stm32f4xx_hal_pwr_ex.c...
compiling stm32f4xx_hal.c...
compiling stm32f4xx_hal_exti.c...
compiling stm32f4xx_hal_cortex.c...
compiling stm32f4xx_ll_rcc.c...
compiling stm32f4xx_hal_tim.c...
compiling stm32f4xx_ll_exti.c...
compiling stm32f4xx_hal_tim_ex.c...
compiling stm32f4xx_ll_utils.c...
compiling stm32f4xx_ll_usart.c...
compiling system_stm32f4xx.c...
compiling vl53l1_error_strings.c...
compiling stm32f4xx_ll_gpio.c...
compiling stm32f4xx_ll_dma.c...
compiling vl53l1_api_debug.c...
compiling vl53l1_api.c...
compiling vl53l1_core_support.c...
compiling vl53l1_api_calibration.c...
compiling vl53l1_api_preset_modes.c...
compiling vl53l1_register_funcs.c...
compiling vl53l1_wait.c...
compiling vl53l1_silicon_core.c...
compiling vl53l1_api_strings.c...
compiling vl53l1_core.c...
compiling vl53l1_api_core.c...
"FlyAssistant-f407\FlyAssistant-f407.axf" - 6 Error(s), 33 Warning(s).
Target not created.
Build Time Elapsed:  00:00:40
